#
# There is insufficient memory for the Java Runtime Environment to continue.
# Native memory allocation (malloc) failed to allocate 59216 bytes for Chunk::new
# Possible reasons:
#   The system is out of physical RAM or swap space
#   The process is running with CompressedOops enabled, and the Java Heap may be blocking the growth of the native heap
# Possible solutions:
#   Reduce memory load on the system
#   Increase physical memory or swap space
#   Check if swap backing store is full
#   Decrease Java heap size (-Xmx/-Xms)
#   Decrease number of Java threads
#   Decrease Java thread stack sizes (-Xss)
#   Set larger code cache with -XX:ReservedCodeCacheSize=
#   JVM is running with Unscaled Compressed Oops mode in which the Java heap is
#     placed in the first 4GB address space. The Java Heap base address is the
#     maximum limit for the native heap growth. Please use -XX:HeapBaseMinAddress
#     to set the Java Heap base and to place the Java Heap above 4GB virtual address.
# This output file may be truncated or incomplete.
#
#  Out of Memory Error (arena.cpp:168), pid=28128, tid=26620
#
# JRE version: Java(TM) SE Runtime Environment (21.0.1+12) (build 21.0.1+12-LTS-29)
# Java VM: Java HotSpot(TM) 64-Bit Server VM (21.0.1+12-LTS-29, mixed mode, sharing, tiered, compressed oops, compressed class ptrs, g1 gc, windows-amd64)
# No core dump will be written. Minidumps are not enabled by default on client versions of Windows
#

---------------  S U M M A R Y ------------

Command Line: -Dfile.encoding=UTF-8 --module-path=C:\Users\Ravan\Desktop\NetBeansProjects\bank managment system\build\classes bank.managment.system.MiniStatement

Host: Intel(R) Core(TM) i3-4005U CPU @ 1.70GHz, 4 cores, 7G,  Windows 10 , 64 bit Build 19041 (10.0.19041.3636)
Time: Fri Nov  3 02:59:47 2023 India Standard Time elapsed time: 0.579508 seconds (0d 0h 0m 0s)

---------------  T H R E A D  ---------------

Current thread (0x000001d8f0924d40):  JavaThread "C2 CompilerThread0" daemon [_thread_in_native, id=26620, stack(0x000000c7d4200000,0x000000c7d4300000) (1024K)]


Current CompileTask:
C2:    579  633       4       java.lang.StringUTF16::compress (50 bytes)

Stack: [0x000000c7d4200000,0x000000c7d4300000]
Native frames: (J=compiled Java code, j=interpreted, Vv=VM code, C=native code)
V  [jvm.dll+0x6c9029]
V  [jvm.dll+0x854b81]
V  [jvm.dll+0x856e5e]
V  [jvm.dll+0x857543]
V  [jvm.dll+0x280c06]
V  [jvm.dll+0xc3ead]
V  [jvm.dll+0xc43c3]
V  [jvm.dll+0x2f3f3f]
V  [jvm.dll+0x5f40a6]
V  [jvm.dll+0x252bef]
V  [jvm.dll+0x24b4d0]
V  [jvm.dll+0x248fa3]
V  [jvm.dll+0x1c9ca1]
V  [jvm.dll+0x2586b9]
V  [jvm.dll+0x256c9a]
V  [jvm.dll+0x3ef1b6]
V  [jvm.dll+0x7fd728]
V  [jvm.dll+0x6c777d]
C  [ucrtbase.dll+0x21bb2]
C  [KERNEL32.DLL+0x17344]
C  [ntdll.dll+0x526b1]


---------------  P R O C E S S  ---------------

Threads class SMR info:
_java_thread_list=0x000001d8f0de53d0, length=16, elements={
0x000001d8d26a5140, 0x000001d8f0915b10, 0x000001d8f09169e0, 0x000001d8f0919770,
0x000001d8f091d660, 0x000001d8f091e0c0, 0x000001d8f091eee0, 0x000001d8f0924d40,
0x000001d8f0931b80, 0x000001d8f0b3ec10, 0x000001d8f0b40ce0, 0x000001d8f0bfbf30,
0x000001d8f0b3f2a0, 0x000001d8f0b3f930, 0x000001d8f0b3ffc0, 0x000001d8f0b41a00
}

Java Threads: ( => current thread )
  0x000001d8d26a5140 JavaThread "main"                              [_thread_in_vm, id=27656, stack(0x000000c7d3400000,0x000000c7d3500000) (1024K)]
  0x000001d8f0915b10 JavaThread "Reference Handler"          daemon [_thread_blocked, id=22608, stack(0x000000c7d3c00000,0x000000c7d3d00000) (1024K)]
  0x000001d8f09169e0 JavaThread "Finalizer"                  daemon [_thread_blocked, id=27952, stack(0x000000c7d3d00000,0x000000c7d3e00000) (1024K)]
  0x000001d8f0919770 JavaThread "Signal Dispatcher"          daemon [_thread_blocked, id=26692, stack(0x000000c7d3e00000,0x000000c7d3f00000) (1024K)]
  0x000001d8f091d660 JavaThread "Attach Listener"            daemon [_thread_blocked, id=27644, stack(0x000000c7d3f00000,0x000000c7d4000000) (1024K)]
  0x000001d8f091e0c0 JavaThread "Service Thread"             daemon [_thread_blocked, id=23896, stack(0x000000c7d4000000,0x000000c7d4100000) (1024K)]
  0x000001d8f091eee0 JavaThread "Monitor Deflation Thread"   daemon [_thread_blocked, id=25316, stack(0x000000c7d4100000,0x000000c7d4200000) (1024K)]
=>0x000001d8f0924d40 JavaThread "C2 CompilerThread0"         daemon [_thread_in_native, id=26620, stack(0x000000c7d4200000,0x000000c7d4300000) (1024K)]
  0x000001d8f0931b80 JavaThread "C1 CompilerThread0"         daemon [_thread_in_native, id=9620, stack(0x000000c7d4300000,0x000000c7d4400000) (1024K)]
  0x000001d8f0b3ec10 JavaThread "Common-Cleaner"             daemon [_thread_blocked, id=11904, stack(0x000000c7d4400000,0x000000c7d4500000) (1024K)]
  0x000001d8f0b40ce0 JavaThread "Notification Thread"        daemon [_thread_blocked, id=12812, stack(0x000000c7d4500000,0x000000c7d4600000) (1024K)]
  0x000001d8f0bfbf30 JavaThread "C2 CompilerThread1"         daemon [_thread_in_native, id=24064, stack(0x000000c7d4600000,0x000000c7d4700000) (1024K)]
  0x000001d8f0b3f2a0 JavaThread "Java2D Disposer"            daemon [_thread_blocked, id=21400, stack(0x000000c7d4700000,0x000000c7d4800000) (1024K)]
  0x000001d8f0b3f930 JavaThread "AWT-Shutdown"                      [_thread_blocked, id=22660, stack(0x000000c7d4800000,0x000000c7d4900000) (1024K)]
  0x000001d8f0b3ffc0 JavaThread "AWT-Windows"                daemon [_thread_in_native, id=11324, stack(0x000000c7d4900000,0x000000c7d4a00000) (1024K)]
  0x000001d8f0b41a00 JavaThread "mysql-cj-abandoned-connection-cleanup" daemon [_thread_blocked, id=24432, stack(0x000000c7d4a00000,0x000000c7d4b00000) (1024K)]
Total: 16

Other Threads:
  0x000001d8f08f52c0 VMThread "VM Thread"                           [id=4164, stack(0x000000c7d3b00000,0x000000c7d3c00000) (1024K)]
  0x000001d8f08ddcf0 WatcherThread "VM Periodic Task Thread"        [id=24316, stack(0x000000c7d3a00000,0x000000c7d3b00000) (1024K)]
  0x000001d8d4895db0 WorkerThread "GC Thread#0"                     [id=24312, stack(0x000000c7d3500000,0x000000c7d3600000) (1024K)]
  0x000001d8d48a6c80 ConcurrentGCThread "G1 Main Marker"            [id=1000, stack(0x000000c7d3600000,0x000000c7d3700000) (1024K)]
  0x000001d8d48a8730 WorkerThread "G1 Conc#0"                       [id=28252, stack(0x000000c7d3700000,0x000000c7d3800000) (1024K)]
  0x000001d8f07a0090 ConcurrentGCThread "G1 Refine#0"               [id=25376, stack(0x000000c7d3800000,0x000000c7d3900000) (1024K)]
  0x000001d8f07a0b00 ConcurrentGCThread "G1 Service"                [id=12220, stack(0x000000c7d3900000,0x000000c7d3a00000) (1024K)]
Total: 7

Threads with active compile tasks:
C2 CompilerThread0      616  633       4       java.lang.StringUTF16::compress (50 bytes)
C1 CompilerThread0      616  655       3       jdk.internal.jimage.ImageLocation::verify (218 bytes)
C2 CompilerThread1      616  640 %     4       java.util.Properties$LineReader::readLine @ 53 (584 bytes)
Total: 3

VM state: not at safepoint (normal execution)

VM Mutex/Monitor currently owned by a thread:  ([mutex/lock_event])
[0x00007ffb98d78578] Metaspace_lock - owner thread: 0x000001d8d26a5140

Heap address: 0x0000000081600000, size: 2026 MB, Compressed Oops mode: 32-bit

CDS archive(s) mapped at: [0x000001d880000000-0x000001d880c90000-0x000001d880c90000), size 13172736, SharedBaseAddress: 0x000001d880000000, ArchiveRelocationMode: 1.
Compressed class space mapped at: 0x000001d881000000-0x000001d8c1000000, reserved size: 1073741824
Narrow klass base: 0x000001d880000000, Narrow klass shift: 0, Narrow klass range: 0x100000000

GC Precious Log:
 CardTable entry size: 512
 Card Set container configuration: InlinePtr #cards 5 size 8 Array Of Cards #cards 12 size 40 Howl #buckets 4 coarsen threshold 1843 Howl Bitmap #cards 512 size 80 coarsen threshold 460 Card regions per heap region 1 cards per card region 2048
 CPUs: 4 total, 4 available
 Memory: 8096M
 Large Page Support: Disabled
 NUMA Support: Disabled
 Compressed Oops: Enabled (32-bit)
 Heap Region Size: 1M
 Heap Min Capacity: 8M
 Heap Initial Capacity: 128M
 Heap Max Capacity: 2026M
 Pre-touch: Disabled
 Parallel Workers: 4
 Concurrent Workers: 1
 Concurrent Refinement Workers: 4
 Periodic GC: Disabled

Heap:
 garbage-first heap   total 131072K, used 6144K [0x0000000081600000, 0x0000000100000000)
  region size 1024K, 7 young (7168K), 0 survivors (0K)
 Metaspace       used 4900K, committed 5056K, reserved 1114112K
  class space    used 508K, committed 576K, reserved 1048576K

Heap Regions: E=young(eden), S=young(survivor), O=old, HS=humongous(starts), HC=humongous(continues), CS=collection set, F=free, TAMS=top-at-mark-start, PB=parsable bottom
|   0|0x0000000081600000, 0x0000000081600000, 0x0000000081700000|  0%| F|  |TAMS 0x0000000081600000| PB 0x0000000081600000| Untracked 
|   1|0x0000000081700000, 0x0000000081700000, 0x0000000081800000|  0%| F|  |TAMS 0x0000000081700000| PB 0x0000000081700000| Untracked 
|   2|0x0000000081800000, 0x0000000081800000, 0x0000000081900000|  0%| F|  |TAMS 0x0000000081800000| PB 0x0000000081800000| Untracked 
|   3|0x0000000081900000, 0x0000000081900000, 0x0000000081a00000|  0%| F|  |TAMS 0x0000000081900000| PB 0x0000000081900000| Untracked 
|   4|0x0000000081a00000, 0x0000000081a00000, 0x0000000081b00000|  0%| F|  |TAMS 0x0000000081a00000| PB 0x0000000081a00000| Untracked 
|   5|0x0000000081b00000, 0x0000000081b00000, 0x0000000081c00000|  0%| F|  |TAMS 0x0000000081b00000| PB 0x0000000081b00000| Untracked 
|   6|0x0000000081c00000, 0x0000000081c00000, 0x0000000081d00000|  0%| F|  |TAMS 0x0000000081c00000| PB 0x0000000081c00000| Untracked 
|   7|0x0000000081d00000, 0x0000000081d00000, 0x0000000081e00000|  0%| F|  |TAMS 0x0000000081d00000| PB 0x0000000081d00000| Untracked 
|   8|0x0000000081e00000, 0x0000000081e00000, 0x0000000081f00000|  0%| F|  |TAMS 0x0000000081e00000| PB 0x0000000081e00000| Untracked 
|   9|0x0000000081f00000, 0x0000000081f00000, 0x0000000082000000|  0%| F|  |TAMS 0x0000000081f00000| PB 0x0000000081f00000| Untracked 
|  10|0x0000000082000000, 0x0000000082000000, 0x0000000082100000|  0%| F|  |TAMS 0x0000000082000000| PB 0x0000000082000000| Untracked 
|  11|0x0000000082100000, 0x0000000082100000, 0x0000000082200000|  0%| F|  |TAMS 0x0000000082100000| PB 0x0000000082100000| Untracked 
|  12|0x0000000082200000, 0x0000000082200000, 0x0000000082300000|  0%| F|  |TAMS 0x0000000082200000| PB 0x0000000082200000| Untracked 
|  13|0x0000000082300000, 0x0000000082300000, 0x0000000082400000|  0%| F|  |TAMS 0x0000000082300000| PB 0x0000000082300000| Untracked 
|  14|0x0000000082400000, 0x0000000082400000, 0x0000000082500000|  0%| F|  |TAMS 0x0000000082400000| PB 0x0000000082400000| Untracked 
|  15|0x0000000082500000, 0x0000000082500000, 0x0000000082600000|  0%| F|  |TAMS 0x0000000082500000| PB 0x0000000082500000| Untracked 
|  16|0x0000000082600000, 0x0000000082600000, 0x0000000082700000|  0%| F|  |TAMS 0x0000000082600000| PB 0x0000000082600000| Untracked 
|  17|0x0000000082700000, 0x0000000082700000, 0x0000000082800000|  0%| F|  |TAMS 0x0000000082700000| PB 0x0000000082700000| Untracked 
|  18|0x0000000082800000, 0x0000000082800000, 0x0000000082900000|  0%| F|  |TAMS 0x0000000082800000| PB 0x0000000082800000| Untracked 
|  19|0x0000000082900000, 0x0000000082900000, 0x0000000082a00000|  0%| F|  |TAMS 0x0000000082900000| PB 0x0000000082900000| Untracked 
|  20|0x0000000082a00000, 0x0000000082a00000, 0x0000000082b00000|  0%| F|  |TAMS 0x0000000082a00000| PB 0x0000000082a00000| Untracked 
|  21|0x0000000082b00000, 0x0000000082b00000, 0x0000000082c00000|  0%| F|  |TAMS 0x0000000082b00000| PB 0x0000000082b00000| Untracked 
|  22|0x0000000082c00000, 0x0000000082c00000, 0x0000000082d00000|  0%| F|  |TAMS 0x0000000082c00000| PB 0x0000000082c00000| Untracked 
|  23|0x0000000082d00000, 0x0000000082d00000, 0x0000000082e00000|  0%| F|  |TAMS 0x0000000082d00000| PB 0x0000000082d00000| Untracked 
|  24|0x0000000082e00000, 0x0000000082e00000, 0x0000000082f00000|  0%| F|  |TAMS 0x0000000082e00000| PB 0x0000000082e00000| Untracked 
|  25|0x0000000082f00000, 0x0000000082f00000, 0x0000000083000000|  0%| F|  |TAMS 0x0000000082f00000| PB 0x0000000082f00000| Untracked 
|  26|0x0000000083000000, 0x0000000083000000, 0x0000000083100000|  0%| F|  |TAMS 0x0000000083000000| PB 0x0000000083000000| Untracked 
|  27|0x0000000083100000, 0x0000000083100000, 0x0000000083200000|  0%| F|  |TAMS 0x0000000083100000| PB 0x0000000083100000| Untracked 
|  28|0x0000000083200000, 0x0000000083200000, 0x0000000083300000|  0%| F|  |TAMS 0x0000000083200000| PB 0x0000000083200000| Untracked 
|  29|0x0000000083300000, 0x0000000083300000, 0x0000000083400000|  0%| F|  |TAMS 0x0000000083300000| PB 0x0000000083300000| Untracked 
|  30|0x0000000083400000, 0x0000000083400000, 0x0000000083500000|  0%| F|  |TAMS 0x0000000083400000| PB 0x0000000083400000| Untracked 
|  31|0x0000000083500000, 0x0000000083500000, 0x0000000083600000|  0%| F|  |TAMS 0x0000000083500000| PB 0x0000000083500000| Untracked 
|  32|0x0000000083600000, 0x0000000083600000, 0x0000000083700000|  0%| F|  |TAMS 0x0000000083600000| PB 0x0000000083600000| Untracked 
|  33|0x0000000083700000, 0x0000000083700000, 0x0000000083800000|  0%| F|  |TAMS 0x0000000083700000| PB 0x0000000083700000| Untracked 
|  34|0x0000000083800000, 0x0000000083800000, 0x0000000083900000|  0%| F|  |TAMS 0x0000000083800000| PB 0x0000000083800000| Untracked 
|  35|0x0000000083900000, 0x0000000083900000, 0x0000000083a00000|  0%| F|  |TAMS 0x0000000083900000| PB 0x0000000083900000| Untracked 
|  36|0x0000000083a00000, 0x0000000083a00000, 0x0000000083b00000|  0%| F|  |TAMS 0x0000000083a00000| PB 0x0000000083a00000| Untracked 
|  37|0x0000000083b00000, 0x0000000083b00000, 0x0000000083c00000|  0%| F|  |TAMS 0x0000000083b00000| PB 0x0000000083b00000| Untracked 
|  38|0x0000000083c00000, 0x0000000083c00000, 0x0000000083d00000|  0%| F|  |TAMS 0x0000000083c00000| PB 0x0000000083c00000| Untracked 
|  39|0x0000000083d00000, 0x0000000083d00000, 0x0000000083e00000|  0%| F|  |TAMS 0x0000000083d00000| PB 0x0000000083d00000| Untracked 
|  40|0x0000000083e00000, 0x0000000083e00000, 0x0000000083f00000|  0%| F|  |TAMS 0x0000000083e00000| PB 0x0000000083e00000| Untracked 
|  41|0x0000000083f00000, 0x0000000083f00000, 0x0000000084000000|  0%| F|  |TAMS 0x0000000083f00000| PB 0x0000000083f00000| Untracked 
|  42|0x0000000084000000, 0x0000000084000000, 0x0000000084100000|  0%| F|  |TAMS 0x0000000084000000| PB 0x0000000084000000| Untracked 
|  43|0x0000000084100000, 0x0000000084100000, 0x0000000084200000|  0%| F|  |TAMS 0x0000000084100000| PB 0x0000000084100000| Untracked 
|  44|0x0000000084200000, 0x0000000084200000, 0x0000000084300000|  0%| F|  |TAMS 0x0000000084200000| PB 0x0000000084200000| Untracked 
|  45|0x0000000084300000, 0x0000000084300000, 0x0000000084400000|  0%| F|  |TAMS 0x0000000084300000| PB 0x0000000084300000| Untracked 
|  46|0x0000000084400000, 0x0000000084400000, 0x0000000084500000|  0%| F|  |TAMS 0x0000000084400000| PB 0x0000000084400000| Untracked 
|  47|0x0000000084500000, 0x0000000084500000, 0x0000000084600000|  0%| F|  |TAMS 0x0000000084500000| PB 0x0000000084500000| Untracked 
|  48|0x0000000084600000, 0x0000000084600000, 0x0000000084700000|  0%| F|  |TAMS 0x0000000084600000| PB 0x0000000084600000| Untracked 
|  49|0x0000000084700000, 0x0000000084700000, 0x0000000084800000|  0%| F|  |TAMS 0x0000000084700000| PB 0x0000000084700000| Untracked 
|  50|0x0000000084800000, 0x0000000084800000, 0x0000000084900000|  0%| F|  |TAMS 0x0000000084800000| PB 0x0000000084800000| Untracked 
|  51|0x0000000084900000, 0x0000000084900000, 0x0000000084a00000|  0%| F|  |TAMS 0x0000000084900000| PB 0x0000000084900000| Untracked 
|  52|0x0000000084a00000, 0x0000000084a00000, 0x0000000084b00000|  0%| F|  |TAMS 0x0000000084a00000| PB 0x0000000084a00000| Untracked 
|  53|0x0000000084b00000, 0x0000000084b00000, 0x0000000084c00000|  0%| F|  |TAMS 0x0000000084b00000| PB 0x0000000084b00000| Untracked 
|  54|0x0000000084c00000, 0x0000000084c00000, 0x0000000084d00000|  0%| F|  |TAMS 0x0000000084c00000| PB 0x0000000084c00000| Untracked 
|  55|0x0000000084d00000, 0x0000000084d00000, 0x0000000084e00000|  0%| F|  |TAMS 0x0000000084d00000| PB 0x0000000084d00000| Untracked 
|  56|0x0000000084e00000, 0x0000000084e00000, 0x0000000084f00000|  0%| F|  |TAMS 0x0000000084e00000| PB 0x0000000084e00000| Untracked 
|  57|0x0000000084f00000, 0x0000000084f00000, 0x0000000085000000|  0%| F|  |TAMS 0x0000000084f00000| PB 0x0000000084f00000| Untracked 
|  58|0x0000000085000000, 0x0000000085000000, 0x0000000085100000|  0%| F|  |TAMS 0x0000000085000000| PB 0x0000000085000000| Untracked 
|  59|0x0000000085100000, 0x0000000085100000, 0x0000000085200000|  0%| F|  |TAMS 0x0000000085100000| PB 0x0000000085100000| Untracked 
|  60|0x0000000085200000, 0x0000000085200000, 0x0000000085300000|  0%| F|  |TAMS 0x0000000085200000| PB 0x0000000085200000| Untracked 
|  61|0x0000000085300000, 0x0000000085300000, 0x0000000085400000|  0%| F|  |TAMS 0x0000000085300000| PB 0x0000000085300000| Untracked 
|  62|0x0000000085400000, 0x0000000085400000, 0x0000000085500000|  0%| F|  |TAMS 0x0000000085400000| PB 0x0000000085400000| Untracked 
|  63|0x0000000085500000, 0x0000000085500000, 0x0000000085600000|  0%| F|  |TAMS 0x0000000085500000| PB 0x0000000085500000| Untracked 
|  64|0x0000000085600000, 0x0000000085600000, 0x0000000085700000|  0%| F|  |TAMS 0x0000000085600000| PB 0x0000000085600000| Untracked 
|  65|0x0000000085700000, 0x0000000085700000, 0x0000000085800000|  0%| F|  |TAMS 0x0000000085700000| PB 0x0000000085700000| Untracked 
|  66|0x0000000085800000, 0x0000000085800000, 0x0000000085900000|  0%| F|  |TAMS 0x0000000085800000| PB 0x0000000085800000| Untracked 
|  67|0x0000000085900000, 0x0000000085900000, 0x0000000085a00000|  0%| F|  |TAMS 0x0000000085900000| PB 0x0000000085900000| Untracked 
|  68|0x0000000085a00000, 0x0000000085a00000, 0x0000000085b00000|  0%| F|  |TAMS 0x0000000085a00000| PB 0x0000000085a00000| Untracked 
|  69|0x0000000085b00000, 0x0000000085b00000, 0x0000000085c00000|  0%| F|  |TAMS 0x0000000085b00000| PB 0x0000000085b00000| Untracked 
|  70|0x0000000085c00000, 0x0000000085c00000, 0x0000000085d00000|  0%| F|  |TAMS 0x0000000085c00000| PB 0x0000000085c00000| Untracked 
|  71|0x0000000085d00000, 0x0000000085d00000, 0x0000000085e00000|  0%| F|  |TAMS 0x0000000085d00000| PB 0x0000000085d00000| Untracked 
|  72|0x0000000085e00000, 0x0000000085e00000, 0x0000000085f00000|  0%| F|  |TAMS 0x0000000085e00000| PB 0x0000000085e00000| Untracked 
|  73|0x0000000085f00000, 0x0000000085f00000, 0x0000000086000000|  0%| F|  |TAMS 0x0000000085f00000| PB 0x0000000085f00000| Untracked 
|  74|0x0000000086000000, 0x0000000086000000, 0x0000000086100000|  0%| F|  |TAMS 0x0000000086000000| PB 0x0000000086000000| Untracked 
|  75|0x0000000086100000, 0x0000000086100000, 0x0000000086200000|  0%| F|  |TAMS 0x0000000086100000| PB 0x0000000086100000| Untracked 
|  76|0x0000000086200000, 0x0000000086200000, 0x0000000086300000|  0%| F|  |TAMS 0x0000000086200000| PB 0x0000000086200000| Untracked 
|  77|0x0000000086300000, 0x0000000086300000, 0x0000000086400000|  0%| F|  |TAMS 0x0000000086300000| PB 0x0000000086300000| Untracked 
|  78|0x0000000086400000, 0x0000000086400000, 0x0000000086500000|  0%| F|  |TAMS 0x0000000086400000| PB 0x0000000086400000| Untracked 
|  79|0x0000000086500000, 0x0000000086500000, 0x0000000086600000|  0%| F|  |TAMS 0x0000000086500000| PB 0x0000000086500000| Untracked 
|  80|0x0000000086600000, 0x0000000086600000, 0x0000000086700000|  0%| F|  |TAMS 0x0000000086600000| PB 0x0000000086600000| Untracked 
|  81|0x0000000086700000, 0x0000000086700000, 0x0000000086800000|  0%| F|  |TAMS 0x0000000086700000| PB 0x0000000086700000| Untracked 
|  82|0x0000000086800000, 0x0000000086800000, 0x0000000086900000|  0%| F|  |TAMS 0x0000000086800000| PB 0x0000000086800000| Untracked 
|  83|0x0000000086900000, 0x0000000086900000, 0x0000000086a00000|  0%| F|  |TAMS 0x0000000086900000| PB 0x0000000086900000| Untracked 
|  84|0x0000000086a00000, 0x0000000086a00000, 0x0000000086b00000|  0%| F|  |TAMS 0x0000000086a00000| PB 0x0000000086a00000| Untracked 
|  85|0x0000000086b00000, 0x0000000086b00000, 0x0000000086c00000|  0%| F|  |TAMS 0x0000000086b00000| PB 0x0000000086b00000| Untracked 
|  86|0x0000000086c00000, 0x0000000086c00000, 0x0000000086d00000|  0%| F|  |TAMS 0x0000000086c00000| PB 0x0000000086c00000| Untracked 
|  87|0x0000000086d00000, 0x0000000086d00000, 0x0000000086e00000|  0%| F|  |TAMS 0x0000000086d00000| PB 0x0000000086d00000| Untracked 
|  88|0x0000000086e00000, 0x0000000086e00000, 0x0000000086f00000|  0%| F|  |TAMS 0x0000000086e00000| PB 0x0000000086e00000| Untracked 
|  89|0x0000000086f00000, 0x0000000086f00000, 0x0000000087000000|  0%| F|  |TAMS 0x0000000086f00000| PB 0x0000000086f00000| Untracked 
|  90|0x0000000087000000, 0x0000000087000000, 0x0000000087100000|  0%| F|  |TAMS 0x0000000087000000| PB 0x0000000087000000| Untracked 
|  91|0x0000000087100000, 0x0000000087100000, 0x0000000087200000|  0%| F|  |TAMS 0x0000000087100000| PB 0x0000000087100000| Untracked 
|  92|0x0000000087200000, 0x0000000087200000, 0x0000000087300000|  0%| F|  |TAMS 0x0000000087200000| PB 0x0000000087200000| Untracked 
|  93|0x0000000087300000, 0x0000000087300000, 0x0000000087400000|  0%| F|  |TAMS 0x0000000087300000| PB 0x0000000087300000| Untracked 
|  94|0x0000000087400000, 0x0000000087400000, 0x0000000087500000|  0%| F|  |TAMS 0x0000000087400000| PB 0x0000000087400000| Untracked 
|  95|0x0000000087500000, 0x0000000087500000, 0x0000000087600000|  0%| F|  |TAMS 0x0000000087500000| PB 0x0000000087500000| Untracked 
|  96|0x0000000087600000, 0x0000000087600000, 0x0000000087700000|  0%| F|  |TAMS 0x0000000087600000| PB 0x0000000087600000| Untracked 
|  97|0x0000000087700000, 0x0000000087700000, 0x0000000087800000|  0%| F|  |TAMS 0x0000000087700000| PB 0x0000000087700000| Untracked 
|  98|0x0000000087800000, 0x0000000087800000, 0x0000000087900000|  0%| F|  |TAMS 0x0000000087800000| PB 0x0000000087800000| Untracked 
|  99|0x0000000087900000, 0x0000000087900000, 0x0000000087a00000|  0%| F|  |TAMS 0x0000000087900000| PB 0x0000000087900000| Untracked 
| 100|0x0000000087a00000, 0x0000000087a00000, 0x0000000087b00000|  0%| F|  |TAMS 0x0000000087a00000| PB 0x0000000087a00000| Untracked 
| 101|0x0000000087b00000, 0x0000000087b00000, 0x0000000087c00000|  0%| F|  |TAMS 0x0000000087b00000| PB 0x0000000087b00000| Untracked 
| 102|0x0000000087c00000, 0x0000000087c00000, 0x0000000087d00000|  0%| F|  |TAMS 0x0000000087c00000| PB 0x0000000087c00000| Untracked 
| 103|0x0000000087d00000, 0x0000000087d00000, 0x0000000087e00000|  0%| F|  |TAMS 0x0000000087d00000| PB 0x0000000087d00000| Untracked 
| 104|0x0000000087e00000, 0x0000000087e00000, 0x0000000087f00000|  0%| F|  |TAMS 0x0000000087e00000| PB 0x0000000087e00000| Untracked 
| 105|0x0000000087f00000, 0x0000000087f00000, 0x0000000088000000|  0%| F|  |TAMS 0x0000000087f00000| PB 0x0000000087f00000| Untracked 
| 106|0x0000000088000000, 0x0000000088000000, 0x0000000088100000|  0%| F|  |TAMS 0x0000000088000000| PB 0x0000000088000000| Untracked 
| 107|0x0000000088100000, 0x0000000088100000, 0x0000000088200000|  0%| F|  |TAMS 0x0000000088100000| PB 0x0000000088100000| Untracked 
| 108|0x0000000088200000, 0x0000000088200000, 0x0000000088300000|  0%| F|  |TAMS 0x0000000088200000| PB 0x0000000088200000| Untracked 
| 109|0x0000000088300000, 0x0000000088300000, 0x0000000088400000|  0%| F|  |TAMS 0x0000000088300000| PB 0x0000000088300000| Untracked 
| 110|0x0000000088400000, 0x0000000088400000, 0x0000000088500000|  0%| F|  |TAMS 0x0000000088400000| PB 0x0000000088400000| Untracked 
| 111|0x0000000088500000, 0x0000000088500000, 0x0000000088600000|  0%| F|  |TAMS 0x0000000088500000| PB 0x0000000088500000| Untracked 
| 112|0x0000000088600000, 0x0000000088600000, 0x0000000088700000|  0%| F|  |TAMS 0x0000000088600000| PB 0x0000000088600000| Untracked 
| 113|0x0000000088700000, 0x0000000088700000, 0x0000000088800000|  0%| F|  |TAMS 0x0000000088700000| PB 0x0000000088700000| Untracked 
| 114|0x0000000088800000, 0x0000000088800000, 0x0000000088900000|  0%| F|  |TAMS 0x0000000088800000| PB 0x0000000088800000| Untracked 
| 115|0x0000000088900000, 0x0000000088900000, 0x0000000088a00000|  0%| F|  |TAMS 0x0000000088900000| PB 0x0000000088900000| Untracked 
| 116|0x0000000088a00000, 0x0000000088a00000, 0x0000000088b00000|  0%| F|  |TAMS 0x0000000088a00000| PB 0x0000000088a00000| Untracked 
| 117|0x0000000088b00000, 0x0000000088b00000, 0x0000000088c00000|  0%| F|  |TAMS 0x0000000088b00000| PB 0x0000000088b00000| Untracked 
| 118|0x0000000088c00000, 0x0000000088c00000, 0x0000000088d00000|  0%| F|  |TAMS 0x0000000088c00000| PB 0x0000000088c00000| Untracked 
| 119|0x0000000088d00000, 0x0000000088d00000, 0x0000000088e00000|  0%| F|  |TAMS 0x0000000088d00000| PB 0x0000000088d00000| Untracked 
| 120|0x0000000088e00000, 0x0000000088e00000, 0x0000000088f00000|  0%| F|  |TAMS 0x0000000088e00000| PB 0x0000000088e00000| Untracked 
| 121|0x0000000088f00000, 0x0000000088fcb380, 0x0000000089000000| 79%| E|  |TAMS 0x0000000088f00000| PB 0x0000000088f00000| Complete 
| 122|0x0000000089000000, 0x0000000089100000, 0x0000000089100000|100%| E|CS|TAMS 0x0000000089000000| PB 0x0000000089000000| Complete 
| 123|0x0000000089100000, 0x0000000089200000, 0x0000000089200000|100%| E|CS|TAMS 0x0000000089100000| PB 0x0000000089100000| Complete 
| 124|0x0000000089200000, 0x0000000089300000, 0x0000000089300000|100%| E|CS|TAMS 0x0000000089200000| PB 0x0000000089200000| Complete 
| 125|0x0000000089300000, 0x0000000089400000, 0x0000000089400000|100%| E|CS|TAMS 0x0000000089300000| PB 0x0000000089300000| Complete 
| 126|0x0000000089400000, 0x0000000089500000, 0x0000000089500000|100%| E|CS|TAMS 0x0000000089400000| PB 0x0000000089400000| Complete 
| 127|0x0000000089500000, 0x0000000089600000, 0x0000000089600000|100%| E|CS|TAMS 0x0000000089500000| PB 0x0000000089500000| Complete 

Card table byte_map: [0x000001d8ec0b0000,0x000001d8ec4b0000] _byte_map_base: 0x000001d8ebca5000

Marking Bits: (CMBitMap*) 0x000001d8d48964b0
 Bits: [0x000001d8ec4b0000, 0x000001d8ee458000)

Polling page: 0x000001d8d27d0000

Metaspace:

Usage:
  Non-class:      4.29 MB used.
      Class:    508.77 KB used.
       Both:      4.79 MB used.

Virtual space:
  Non-class space:       64.00 MB reserved,       4.38 MB (  7%) committed,  1 nodes.
      Class space:        1.00 GB reserved,     576.00 KB ( <1%) committed,  1 nodes.
             Both:        1.06 GB reserved,       4.94 MB ( <1%) committed. 

Chunk freelists:
   Non-Class:  11.64 MB
       Class:  15.22 MB
        Both:  26.86 MB

MaxMetaspaceSize: unlimited
CompressedClassSpaceSize: 1.00 GB
Initial GC threshold: 21.00 MB
Current GC threshold: 21.00 MB
CDS: on
 - commit_granule_bytes: 65536.
 - commit_granule_words: 8192.
 - virtual_space_node_default_size: 8388608.
 - enlarge_chunks_in_place: 1.
 - use_allocation_guard: 0.


Internal statistics:

num_allocs_failed_limit: 0.
num_arena_births: 132.
num_arena_deaths: 0.
num_vsnodes_births: 2.
num_vsnodes_deaths: 0.
num_space_committed: 79.
num_space_uncommitted: 0.
num_chunks_returned_to_freelist: 0.
num_chunks_taken_from_freelist: 174.
num_chunk_merges: 0.
num_chunk_splits: 108.
num_chunks_enlarged: 51.
num_inconsistent_stats: 0.

CodeHeap 'non-profiled nmethods': size=120000Kb used=195Kb max_used=195Kb free=119805Kb
 bounds [0x000001d8e4780000, 0x000001d8e49f0000, 0x000001d8ebcb0000]
CodeHeap 'profiled nmethods': size=120000Kb used=918Kb max_used=918Kb free=119081Kb
 bounds [0x000001d8dccb0000, 0x000001d8dcf20000, 0x000001d8e41e0000]
CodeHeap 'non-nmethods': size=5760Kb used=1420Kb max_used=1434Kb free=4339Kb
 bounds [0x000001d8e41e0000, 0x000001d8e4450000, 0x000001d8e4780000]
 total_blobs=1162 nmethods=648 adapters=419
 compilation: enabled
              stopped_count=0, restarted_count=0
 full_count=0

Compilation events (20 events):
Event: 0.571 Thread 0x000001d8f0931b80  622       3       java.util.Properties::loadConvert (540 bytes)
Event: 0.571 Thread 0x000001d8f0bfbf30 nmethod 629 0x000001d8e47af290 code [0x000001d8e47af420, 0x000001d8e47af578]
Event: 0.572 Thread 0x000001d8f0bfbf30  632       4       java.lang.AbstractStringBuilder::ensureCapacityInternal (39 bytes)
Event: 0.573 Thread 0x000001d8f0931b80 nmethod 622 0x000001d8dcd8d590 code [0x000001d8dcd8d880, 0x000001d8dcd8ec58]
Event: 0.573 Thread 0x000001d8f0931b80  624       3       java.lang.String::checkBoundsOffCount (10 bytes)
Event: 0.573 Thread 0x000001d8f0931b80 nmethod 624 0x000001d8dcd8f290 code [0x000001d8dcd8f440, 0x000001d8dcd8f660]
Event: 0.573 Thread 0x000001d8f0931b80  627       3       java.lang.String::<init> (74 bytes)
Event: 0.573 Thread 0x000001d8f0931b80 nmethod 627 0x000001d8dcd8f790 code [0x000001d8dcd8f980, 0x000001d8dcd8fd90]
Event: 0.573 Thread 0x000001d8f0931b80  628       3       java.lang.StringUTF16::compress (20 bytes)
Event: 0.574 Thread 0x000001d8f0931b80 nmethod 628 0x000001d8dcd8fe90 code [0x000001d8dcd90040, 0x000001d8dcd90288]
Event: 0.574 Thread 0x000001d8f0931b80  630       3       java.lang.String::<init> (14 bytes)
Event: 0.574 Thread 0x000001d8f0924d40  633       4       java.lang.StringUTF16::compress (50 bytes)
Event: 0.574 Thread 0x000001d8f0931b80 nmethod 630 0x000001d8dcd90390 code [0x000001d8dcd90560, 0x000001d8dcd908c0]
Event: 0.574 Thread 0x000001d8f0931b80  631       3       java.lang.String::rangeCheck (10 bytes)
Event: 0.575 Thread 0x000001d8f0931b80 nmethod 631 0x000001d8dcd90a90 code [0x000001d8dcd90c60, 0x000001d8dcd90ee8]
Event: 0.576 Thread 0x000001d8f0931b80  636       3       java.util.concurrent.ConcurrentHashMap::put (8 bytes)
Event: 0.576 Thread 0x000001d8f0931b80 nmethod 636 0x000001d8dcd91090 code [0x000001d8dcd91240, 0x000001d8dcd91380]
Event: 0.576 Thread 0x000001d8f0931b80  638       3       jdk.internal.util.Preconditions::checkFromToIndex (24 bytes)
Event: 0.576 Thread 0x000001d8f0931b80 nmethod 638 0x000001d8dcd91410 code [0x000001d8dcd915c0, 0x000001d8dcd917a8]
Event: 0.576 Thread 0x000001d8f0931b80  637  s    3       java.util.Properties::put (10 bytes)

GC Heap History (0 events):
No events

Dll operation events (7 events):
Event: 0.012 Loaded shared library C:\Program Files\Java\jdk-21\bin\java.dll
Event: 0.065 Loaded shared library C:\Program Files\Java\jdk-21\bin\jsvml.dll
Event: 0.127 Loaded shared library C:\Program Files\Java\jdk-21\bin\net.dll
Event: 0.129 Loaded shared library C:\Program Files\Java\jdk-21\bin\nio.dll
Event: 0.169 Loaded shared library C:\Program Files\Java\jdk-21\bin\zip.dll
Event: 0.196 Loaded shared library C:\Program Files\Java\jdk-21\bin\jimage.dll
Event: 0.226 Loaded shared library C:\Program Files\Java\jdk-21\bin\awt.dll

Deoptimization events (6 events):
Event: 0.391 Thread 0x000001d8d26a5140 Uncommon trap: trap_request=0xffffff45 fr.pc=0x000001d8e478fde8 relative=0x0000000000000a08
Event: 0.391 Thread 0x000001d8d26a5140 Uncommon trap: reason=unstable_if action=reinterpret pc=0x000001d8e478fde8 method=java.util.HashMap.putVal(ILjava/lang/Object;Ljava/lang/Object;ZZ)Ljava/lang/Object; @ 236 c2
Event: 0.391 Thread 0x000001d8d26a5140 DEOPT PACKING pc=0x000001d8e478fde8 sp=0x000000c7d34fd970
Event: 0.391 Thread 0x000001d8d26a5140 DEOPT UNPACKING pc=0x000001d8e42346a2 sp=0x000000c7d34fd928 mode 2
Event: 0.558 Thread 0x000001d8d26a5140 DEOPT PACKING pc=0x000001d8dcce0499 sp=0x000000c7d34fb9f0
Event: 0.558 Thread 0x000001d8d26a5140 DEOPT UNPACKING pc=0x000001d8e4234e42 sp=0x000000c7d34fae10 mode 0

Classes loaded (20 events):
Event: 0.551 Loading class java/util/ImmutableCollections$Access
Event: 0.551 Loading class java/util/ImmutableCollections$Access done
Event: 0.551 Loading class java/util/ImmutableCollections$Access$1
Event: 0.551 Loading class jdk/internal/access/JavaUtilCollectionAccess
Event: 0.552 Loading class jdk/internal/access/JavaUtilCollectionAccess done
Event: 0.552 Loading class java/util/ImmutableCollections$Access$1 done
Event: 0.553 Loading class java/util/stream/Nodes$SpinedNodeBuilder
Event: 0.553 Loading class java/util/stream/SpinedBuffer
Event: 0.553 Loading class java/util/stream/AbstractSpinedBuffer
Event: 0.553 Loading class java/util/stream/AbstractSpinedBuffer done
Event: 0.553 Loading class java/util/stream/SpinedBuffer done
Event: 0.553 Loading class java/util/stream/Nodes$SpinedNodeBuilder done
Event: 0.557 Loading class java/util/ResourceBundle$Control$2
Event: 0.557 Loading class java/util/ResourceBundle$Control$2 done
Event: 0.560 Loading class java/util/PropertyResourceBundle
Event: 0.560 Loading class java/util/PropertyResourceBundle done
Event: 0.560 Loading class sun/util/PropertyResourceBundleCharset
Event: 0.560 Loading class sun/util/PropertyResourceBundleCharset done
Event: 0.560 Loading class sun/util/PropertyResourceBundleCharset$PropertiesFileDecoder
Event: 0.561 Loading class sun/util/PropertyResourceBundleCharset$PropertiesFileDecoder done

Classes unloaded (0 events):
No events

Classes redefined (0 events):
No events

Internal exceptions (14 events):
Event: 0.131 Thread 0x000001d8d26a5140 Exception <a 'sun/nio/fs/WindowsException'{0x0000000089477468}> (0x0000000089477468) 
thrown [s\open\src\hotspot\share\prims\jni.cpp, line 520]
Event: 0.134 Thread 0x000001d8d26a5140 Exception <a 'sun/nio/fs/WindowsException'{0x0000000089479950}> (0x0000000089479950) 
thrown [s\open\src\hotspot\share\prims\jni.cpp, line 520]
Event: 0.135 Thread 0x000001d8d26a5140 Exception <a 'sun/nio/fs/WindowsException'{0x000000008947a448}> (0x000000008947a448) 
thrown [s\open\src\hotspot\share\prims\jni.cpp, line 520]
Event: 0.207 Thread 0x000001d8d26a5140 Exception <a 'java/lang/ClassNotFoundException'{0x00000000893846a8}: sun/awt/resources/spi/awtProvider> (0x00000000893846a8) 
thrown [s\open\src\hotspot\share\classfile\systemDictionary.cpp, line 312]
Event: 0.248 Thread 0x000001d8d26a5140 Exception <a 'java/io/FileNotFoundException'{0x00000000893d9c70}> (0x00000000893d9c70) 
thrown [s\open\src\hotspot\share\prims\jni.cpp, line 520]
Event: 0.260 Thread 0x000001d8d26a5140 Exception <a 'java/io/FileNotFoundException'{0x0000000089204240}> (0x0000000089204240) 
thrown [s\open\src\hotspot\share\prims\jni.cpp, line 520]
Event: 0.396 Thread 0x000001d8d26a5140 Exception <a 'java/lang/NoSuchMethodError'{0x00000000891118b0}: 'void java.lang.invoke.DirectMethodHandle$Holder.invokeSpecial(java.lang.Object, java.lang.Object, java.lang.Object)'> (0x00000000891118b0) 
thrown [s\open\src\hotspot\share\interpreter\linkResolver.cpp, line 773]
Event: 0.410 Thread 0x000001d8d26a5140 Exception <a 'java/lang/NoSuchMethodError'{0x0000000089137310}: 'java.lang.Object java.lang.invoke.DirectMethodHandle$Holder.newInvokeSpecial(java.lang.Object, java.lang.Object, java.lang.Object, java.lang.Object, java.lang.Object)'> (0x0000000089137310) 
thrown [s\open\src\hotspot\share\interpreter\linkResolver.cpp, line 773]
Event: 0.421 Thread 0x000001d8d26a5140 Exception <a 'java/lang/NoSuchMethodError'{0x0000000089163100}: 'java.lang.Object java.lang.invoke.DirectMethodHandle$Holder.invokeStatic(java.lang.Object, int, java.lang.Object)'> (0x0000000089163100) 
thrown [s\open\src\hotspot\share\interpreter\linkResolver.cpp, line 773]
Event: 0.457 Thread 0x000001d8d26a5140 Exception <a 'java/lang/ClassNotFoundException'{0x0000000089003430}: com/sun/swing/internal/plaf/metal/resources/spi/metalProvider> (0x0000000089003430) 
thrown [s\open\src\hotspot\share\classfile\systemDictionary.cpp, line 312]
Event: 0.459 Thread 0x000001d8d26a5140 Exception <a 'java/lang/ClassNotFoundException'{0x0000000089007390}: com/sun/swing/internal/plaf/basic/resources/spi/basicProvider> (0x0000000089007390) 
thrown [s\open\src\hotspot\share\classfile\systemDictionary.cpp, line 312]
Event: 0.477 Thread 0x000001d8d26a5140 Exception <a 'java/lang/NoSuchMethodError'{0x0000000089026560}: 'int java.lang.invoke.Invokers$Holder.invokeExact_MT(java.lang.Object, java.lang.Object)'> (0x0000000089026560) 
thrown [s\open\src\hotspot\share\interpreter\linkResolver.cpp, line 773]
Event: 0.512 Thread 0x000001d8d26a5140 Exception <a 'java/lang/NoSuchMethodError'{0x000000008906e7d8}: 'void java.lang.invoke.DirectMethodHandle$Holder.invokeStatic(java.lang.Object, java.lang.Object)'> (0x000000008906e7d8) 
thrown [s\open\src\hotspot\share\interpreter\linkResolver.cpp, line 773]
Event: 0.550 Thread 0x000001d8d26a5140 Exception <a 'java/lang/NoSuchMethodError'{0x0000000088f40490}: 'java.lang.Object java.lang.invoke.DirectMethodHandle$Holder.invokeInterface(java.lang.Object, java.lang.Object)'> (0x0000000088f40490) 
thrown [s\open\src\hotspot\share\interpreter\linkResolver.cpp, line 773]

ZGC Phase Switch (0 events):
No events

VM Operations (4 events):
Event: 0.137 Executing VM operation: HandshakeAllThreads (Deoptimize)
Event: 0.137 Executing VM operation: HandshakeAllThreads (Deoptimize) done
Event: 0.520 Executing VM operation: HandshakeAllThreads (Deoptimize)
Event: 0.520 Executing VM operation: HandshakeAllThreads (Deoptimize) done

Events (16 events):
Event: 0.037 Thread 0x000001d8d26a5140 Thread added: 0x000001d8d26a5140
Event: 0.060 Thread 0x000001d8f0915b10 Thread added: 0x000001d8f0915b10
Event: 0.060 Thread 0x000001d8f09169e0 Thread added: 0x000001d8f09169e0
Event: 0.061 Thread 0x000001d8f0919770 Thread added: 0x000001d8f0919770
Event: 0.061 Thread 0x000001d8f091d660 Thread added: 0x000001d8f091d660
Event: 0.061 Thread 0x000001d8f091e0c0 Thread added: 0x000001d8f091e0c0
Event: 0.061 Thread 0x000001d8f091eee0 Thread added: 0x000001d8f091eee0
Event: 0.062 Thread 0x000001d8f0924d40 Thread added: 0x000001d8f0924d40
Event: 0.062 Thread 0x000001d8f0931b80 Thread added: 0x000001d8f0931b80
Event: 0.107 Thread 0x000001d8f0b3ec10 Thread added: 0x000001d8f0b3ec10
Event: 0.161 Thread 0x000001d8f0b40ce0 Thread added: 0x000001d8f0b40ce0
Event: 0.176 Thread 0x000001d8f0bfbf30 Thread added: 0x000001d8f0bfbf30
Event: 0.340 Thread 0x000001d8f0b3f2a0 Thread added: 0x000001d8f0b3f2a0
Event: 0.342 Thread 0x000001d8f0b3f930 Thread added: 0x000001d8f0b3f930
Event: 0.345 Thread 0x000001d8f0b3ffc0 Thread added: 0x000001d8f0b3ffc0
Event: 0.514 Thread 0x000001d8f0b41a00 Thread added: 0x000001d8f0b41a00


Dynamic libraries:
0x00007ff7050c0000 - 0x00007ff7050d0000 	C:\Program Files\Java\jdk-21\bin\java.exe
0x00007ffbc9570000 - 0x00007ffbc9768000 	C:\WINDOWS\SYSTEM32\ntdll.dll
0x00007ffbc8c90000 - 0x00007ffbc8d4d000 	C:\WINDOWS\System32\KERNEL32.DLL
0x00007ffbc72d0000 - 0x00007ffbc75c6000 	C:\WINDOWS\System32\KERNELBASE.dll
0x00007ffbc6c50000 - 0x00007ffbc6d50000 	C:\WINDOWS\System32\ucrtbase.dll
0x00007ffbc0bf0000 - 0x00007ffbc0c0b000 	C:\Program Files\Java\jdk-21\bin\VCRUNTIME140.dll
0x00007ffbbb000000 - 0x00007ffbbb019000 	C:\Program Files\Java\jdk-21\bin\jli.dll
0x00007ffbc8690000 - 0x00007ffbc873e000 	C:\WINDOWS\System32\ADVAPI32.dll
0x00007ffbc8bf0000 - 0x00007ffbc8c8e000 	C:\WINDOWS\System32\msvcrt.dll
0x00007ffbc8b50000 - 0x00007ffbc8bec000 	C:\WINDOWS\System32\sechost.dll
0x00007ffbc87a0000 - 0x00007ffbc88c6000 	C:\WINDOWS\System32\RPCRT4.dll
0x00007ffbc7a50000 - 0x00007ffbc7bee000 	C:\WINDOWS\System32\USER32.dll
0x00007ffbbc550000 - 0x00007ffbbc7ea000 	C:\WINDOWS\WinSxS\amd64_microsoft.windows.common-controls_6595b64144ccf1df_6.0.19041.3636_none_60b6a03d71f818d5\COMCTL32.dll
0x00007ffbc93a0000 - 0x00007ffbc93cc000 	C:\WINDOWS\System32\GDI32.dll
0x00007ffbc6e70000 - 0x00007ffbc6e92000 	C:\WINDOWS\System32\win32u.dll
0x00007ffbc6d50000 - 0x00007ffbc6e6a000 	C:\WINDOWS\System32\gdi32full.dll
0x00007ffbc7080000 - 0x00007ffbc711d000 	C:\WINDOWS\System32\msvcp_win.dll
0x00007ffbbd0b0000 - 0x00007ffbbd0ba000 	C:\WINDOWS\SYSTEM32\VERSION.dll
0x00007ffbc89f0000 - 0x00007ffbc8a20000 	C:\WINDOWS\System32\IMM32.DLL
0x00007ffbc0ef0000 - 0x00007ffbc0efc000 	C:\Program Files\Java\jdk-21\bin\vcruntime140_1.dll
0x00007ffb9c780000 - 0x00007ffb9c80e000 	C:\Program Files\Java\jdk-21\bin\msvcp140.dll
0x00007ffb98140000 - 0x00007ffb98e55000 	C:\Program Files\Java\jdk-21\bin\server\jvm.dll
0x00007ffbc8980000 - 0x00007ffbc89eb000 	C:\WINDOWS\System32\WS2_32.dll
0x00007ffbc6200000 - 0x00007ffbc624b000 	C:\WINDOWS\SYSTEM32\POWRPROF.dll
0x00007ffbbca40000 - 0x00007ffbbca67000 	C:\WINDOWS\SYSTEM32\WINMM.dll
0x00007ffbc6070000 - 0x00007ffbc6082000 	C:\WINDOWS\SYSTEM32\UMPDC.dll
0x00007ffbc4af0000 - 0x00007ffbc4b02000 	C:\WINDOWS\SYSTEM32\kernel.appcore.dll
0x00007ffbc0bc0000 - 0x00007ffbc0bca000 	C:\Program Files\Java\jdk-21\bin\jimage.dll
0x00007ffbbf5b0000 - 0x00007ffbbf794000 	C:\WINDOWS\SYSTEM32\DBGHELP.DLL
0x00007ffbbf550000 - 0x00007ffbbf584000 	C:\WINDOWS\SYSTEM32\dbgcore.DLL
0x00007ffbc6f50000 - 0x00007ffbc6fd2000 	C:\WINDOWS\System32\bcryptPrimitives.dll
0x00007ffbc0bd0000 - 0x00007ffbc0bef000 	C:\Program Files\Java\jdk-21\bin\java.dll
0x00007ffbc7f40000 - 0x00007ffbc8684000 	C:\WINDOWS\System32\SHELL32.dll
0x00007ffbc4cf0000 - 0x00007ffbc548b000 	C:\WINDOWS\SYSTEM32\windows.storage.dll
0x00007ffbc8ed0000 - 0x00007ffbc9224000 	C:\WINDOWS\System32\combase.dll
0x00007ffbc6690000 - 0x00007ffbc66bd000 	C:\WINDOWS\SYSTEM32\Wldp.dll
0x00007ffbc7c00000 - 0x00007ffbc7cad000 	C:\WINDOWS\System32\SHCORE.dll
0x00007ffbc8d50000 - 0x00007ffbc8da5000 	C:\WINDOWS\System32\shlwapi.dll
0x00007ffbc6b80000 - 0x00007ffbc6ba5000 	C:\WINDOWS\SYSTEM32\profapi.dll
0x00007ffb9d910000 - 0x00007ffb9d9e7000 	C:\Program Files\Java\jdk-21\bin\jsvml.dll
0x00007ffbc0b90000 - 0x00007ffbc0ba0000 	C:\Program Files\Java\jdk-21\bin\net.dll
0x00007ffbbd520000 - 0x00007ffbbd62a000 	C:\WINDOWS\SYSTEM32\WINHTTP.dll
0x00007ffbc63f0000 - 0x00007ffbc645a000 	C:\WINDOWS\system32\mswsock.dll
0x00007ffbbdbe0000 - 0x00007ffbbdbf6000 	C:\Program Files\Java\jdk-21\bin\nio.dll
0x00007ffbbdad0000 - 0x00007ffbbdae8000 	C:\Program Files\Java\jdk-21\bin\zip.dll
0x00007ffb9aa40000 - 0x00007ffb9abcf000 	C:\Program Files\Java\jdk-21\bin\awt.dll
0x00007ffbc9460000 - 0x00007ffbc952d000 	C:\WINDOWS\System32\OLEAUT32.dll
0x00007ffbc3680000 - 0x00007ffbc3710000 	C:\WINDOWS\SYSTEM32\apphelp.dll
0x00007ffbc49e0000 - 0x00007ffbc4a0f000 	C:\WINDOWS\system32\DWMAPI.DLL
0x00007ffbc45d0000 - 0x00007ffbc466e000 	C:\WINDOWS\system32\uxtheme.dll
0x00007ffba69e0000 - 0x00007ffba6b05000 	C:\WINDOWS\system32\opengl32.dll
0x00007ffbaee00000 - 0x00007ffbaee2c000 	C:\WINDOWS\SYSTEM32\GLU32.dll
0x00007ffbc8db0000 - 0x00007ffbc8ec4000 	C:\WINDOWS\System32\MSCTF.dll
0x00007ffbc8a20000 - 0x00007ffbc8b4b000 	C:\WINDOWS\System32\ole32.dll

dbghelp: loaded successfully - version: 4.0.5 - missing functions: none
symbol engine: initialized successfully - sym options: 0x614 - pdb path: .;C:\Program Files\Java\jdk-21\bin;C:\WINDOWS\SYSTEM32;C:\WINDOWS\WinSxS\amd64_microsoft.windows.common-controls_6595b64144ccf1df_6.0.19041.3636_none_60b6a03d71f818d5;C:\Program Files\Java\jdk-21\bin\server

VM Arguments:
jvm_args: -Dfile.encoding=UTF-8 --module-path=C:\Users\Ravan\Desktop\NetBeansProjects\bank managment system\build\classes 
java_command: bank.managment.system.MiniStatement
java_class_path (initial): C:\Users\Ravan\Desktop\NetBeansProjects\jcalendar-tz-1.3.3-4.jar;C:\Users\Ravan\Desktop\NetBeansProjects\mysql-connector-java-8.0.28.jar;C:\Users\Ravan\Desktop\NetBeansProjects\bank managment system\build\classes
Launcher Type: SUN_STANDARD

[Global flags]
     intx CICompilerCount                          = 3                                         {product} {ergonomic}
     uint ConcGCThreads                            = 1                                         {product} {ergonomic}
     uint G1ConcRefinementThreads                  = 4                                         {product} {ergonomic}
   size_t G1HeapRegionSize                         = 1048576                                   {product} {ergonomic}
    uintx GCDrainStackTargetSize                   = 64                                        {product} {ergonomic}
   size_t InitialHeapSize                          = 134217728                                 {product} {ergonomic}
   size_t MarkStackSize                            = 4194304                                   {product} {ergonomic}
   size_t MaxHeapSize                              = 2124414976                                {product} {ergonomic}
   size_t MaxNewSize                               = 1274019840                                {product} {ergonomic}
   size_t MinHeapDeltaBytes                        = 1048576                                   {product} {ergonomic}
   size_t MinHeapSize                              = 8388608                                   {product} {ergonomic}
    uintx NonNMethodCodeHeapSize                   = 5832780                                {pd product} {ergonomic}
    uintx NonProfiledCodeHeapSize                  = 122912730                              {pd product} {ergonomic}
    uintx ProfiledCodeHeapSize                     = 122912730                              {pd product} {ergonomic}
    uintx ReservedCodeCacheSize                    = 251658240                              {pd product} {ergonomic}
     bool SegmentedCodeCache                       = true                                      {product} {ergonomic}
   size_t SoftMaxHeapSize                          = 2124414976                             {manageable} {ergonomic}
     bool UseCompressedOops                        = true                           {product lp64_product} {ergonomic}
     bool UseG1GC                                  = true                                      {product} {ergonomic}
     bool UseLargePagesIndividualAllocation        = false                                  {pd product} {ergonomic}

Logging:
Log output configuration:
 #0: stdout all=warning uptime,level,tags foldmultilines=false
 #1: stderr all=off uptime,level,tags foldmultilines=false

Environment Variables:
PATH=C:\Program Files\Common Files\Oracle\Java\javapath;C:\WINDOWS\system32;C:\WINDOWS;C:\WINDOWS\System32\Wbem;C:\WINDOWS\System32\WindowsPowerShell\v1.0\;C:\WINDOWS\System32\OpenSSH\;C:\Program Files\Java\jdk-21;C:\Program Files\Java\jdk-21\bin;C:\Program Files\MySQL\MySQL Shell 8.0\bin\;C:\Users\Ravan\AppData\Local\Microsoft\WindowsApps;C:\Users\Ravan\AppData\Local\Programs\Microsoft VS Code\bin;C:\Program Files\Java\jdk-21;;C:\Program Files\JetBrains\IntelliJ IDEA Community Edition 2023.2.4\bin;
USERNAME=Ravan
OS=Windows_NT
PROCESSOR_IDENTIFIER=Intel64 Family 6 Model 69 Stepping 1, GenuineIntel
TMP=C:\Users\Ravan\AppData\Local\Temp
TEMP=C:\Users\Ravan\AppData\Local\Temp




Periodic native trim disabled

---------------  S Y S T E M  ---------------

OS:
 Windows 10 , 64 bit Build 19041 (10.0.19041.3636)
OS uptime: 1 days 8:40 hours

CPU: total 4 (initial active 4) (2 cores per cpu, 2 threads per core) family 6 model 69 stepping 1 microcode 0x25, cx8, cmov, fxsr, ht, mmx, sse, sse2, sse3, ssse3, sse4.1, sse4.2, popcnt, lzcnt, tsc, tscinvbit, avx, avx2, aes, erms, clmul, bmi1, bmi2, fma, vzeroupper, clflush, rdtscp, f16c
Processor Information for all 4 processors :
  Max Mhz: 1700, Current Mhz: 1700, Mhz Limit: 1700

Memory: 4k page, system-wide physical 8096M (1105M free)
TotalPageFile size 32672M (AvailPageFile size 4M)
current process WorkingSet (physical memory assigned to process): 51M, peak: 51M
current process commit charge ("private bytes"): 208M, peak: 208M

vm_info: Java HotSpot(TM) 64-Bit Server VM (21.0.1+12-LTS-29) for windows-amd64 JRE (21.0.1+12-LTS-29), built on 2023-10-05T13:27:09Z by "mach5one" with MS VC++ 17.1 (VS2022)

END.
