#
# There is insufficient memory for the Java Runtime Environment to continue.
# Native memory allocation (mmap) failed to map 134217728 bytes for G1 virtual space
# Possible reasons:
#   The system is out of physical RAM or swap space
#   The process is running with CompressedOops enabled, and the Java Heap may be blocking the growth of the native heap
# Possible solutions:
#   Reduce memory load on the system
#   Increase physical memory or swap space
#   Check if swap backing store is full
#   Decrease Java heap size (-Xmx/-Xms)
#   Decrease number of Java threads
#   Decrease Java thread stack sizes (-Xss)
#   Set larger code cache with -XX:ReservedCodeCacheSize=
#   JVM is running with Unscaled Compressed Oops mode in which the Java heap is
#     placed in the first 4GB address space. The Java Heap base address is the
#     maximum limit for the native heap growth. Please use -XX:HeapBaseMinAddress
#     to set the Java Heap base and to place the Java Heap above 4GB virtual address.
# This output file may be truncated or incomplete.
#
#  Out of Memory Error (os_windows.cpp:3600), pid=25596, tid=25040
#
# JRE version:  (21.0.1+12) (build )
# Java VM: Java HotSpot(TM) 64-Bit Server VM (21.0.1+12-LTS-29, mixed mode, sharing, tiered, compressed oops, compressed class ptrs, g1 gc, windows-amd64)
# No core dump will be written. Minidumps are not enabled by default on client versions of Windows
#

---------------  S U M M A R Y ------------

Command Line: -Dfile.encoding=UTF-8 --module-path=C:\Users\Ravan\Desktop\NetBeansProjects\bank managment system\build\classes bank.managment.system.Login

Host: Intel(R) Core(TM) i3-4005U CPU @ 1.70GHz, 4 cores, 7G,  Windows 10 , 64 bit Build 19041 (10.0.19041.3636)
Time: Fri Nov  3 02:55:34 2023 India Standard Time elapsed time: 0.023358 seconds (0d 0h 0m 0s)

---------------  T H R E A D  ---------------

Current thread (0x0000016f17b0ad50):  JavaThread "Unknown thread" [_thread_in_vm, id=25040, stack(0x00000020b6200000,0x00000020b6300000) (1024K)]

Stack: [0x00000020b6200000,0x00000020b6300000]
Native frames: (J=compiled Java code, j=interpreted, Vv=VM code, C=native code)
V  [jvm.dll+0x6c9029]
V  [jvm.dll+0x854b81]
V  [jvm.dll+0x856e5e]
V  [jvm.dll+0x857543]
V  [jvm.dll+0x280c06]
V  [jvm.dll+0x6c5715]
V  [jvm.dll+0x6ba10a]
V  [jvm.dll+0x3557ea]
V  [jvm.dll+0x35d436]
V  [jvm.dll+0x3ae1be]
V  [jvm.dll+0x3ae468]
V  [jvm.dll+0x3291fc]
V  [jvm.dll+0x329d8b]
V  [jvm.dll+0x81d179]
V  [jvm.dll+0x3bb4f1]
V  [jvm.dll+0x805ae8]
V  [jvm.dll+0x44effe]
V  [jvm.dll+0x450901]
C  [jli.dll+0x52a3]
C  [ucrtbase.dll+0x21bb2]
C  [KERNEL32.DLL+0x17344]
C  [ntdll.dll+0x526b1]


---------------  P R O C E S S  ---------------

Threads class SMR info:
_java_thread_list=0x00007ffb98d09b88, length=0, elements={
}

Java Threads: ( => current thread )
Total: 0

Other Threads:
  0x0000016f19bf5360 WorkerThread "GC Thread#0"                     [id=2380, stack(0x00000020b6300000,0x00000020b6400000) (1024K)]
  0x0000016f19c06ac0 ConcurrentGCThread "G1 Main Marker"            [id=26812, stack(0x00000020b6400000,0x00000020b6500000) (1024K)]
  0x0000016f19c07d60 WorkerThread "G1 Conc#0"                       [id=20968, stack(0x00000020b6500000,0x00000020b6600000) (1024K)]

[error occurred during error reporting (printing all threads), id 0xc0000005, EXCEPTION_ACCESS_VIOLATION (0xc0000005) at pc=0x00007ffb9847c2c7]
VM state: not at safepoint (not fully initialized)

VM Mutex/Monitor currently owned by a thread:  ([mutex/lock_event])
[0x00007ffb98d7a6f8] Heap_lock - owner thread: 0x0000016f17b0ad50

Heap address: 0x0000000081600000, size: 2026 MB, Compressed Oops mode: 32-bit

CDS archive(s) mapped at: [0x0000000000000000-0x0000000000000000-0x0000000000000000), size 0, SharedBaseAddress: 0x0000000800000000, ArchiveRelocationMode: 1.
Narrow klass base: 0x0000000000000000, Narrow klass shift: 0, Narrow klass range: 0x0

GC Precious Log:
 CardTable entry size: 512
 Card Set container configuration: InlinePtr #cards 5 size 8 Array Of Cards #cards 12 size 40 Howl #buckets 4 coarsen threshold 1843 Howl Bitmap #cards 512 size 80 coarsen threshold 460 Card regions per heap region 1 cards per card region 2048

Heap:
 garbage-first heap   total 0K, used 0K [0x0000000081600000, 0x0000000100000000)
  region size 1024K, 0 young (0K), 0 survivors (0K)

[error occurred during error reporting (printing heap information), id 0xc0000005, EXCEPTION_ACCESS_VIOLATION (0xc0000005) at pc=0x00007ffb98861be9]
GC Heap History (0 events):
No events

Dll operation events (1 events):
Event: 0.013 Loaded shared library C:\Program Files\Java\jdk-21\bin\java.dll

Deoptimization events (0 events):
No events

Classes loaded (0 events):
No events

Classes unloaded (0 events):
No events

Classes redefined (0 events):
No events

Internal exceptions (0 events):
No events

ZGC Phase Switch (0 events):
No events

VM Operations (0 events):
No events

Events (0 events):
No events


Dynamic libraries:
0x00007ff7050c0000 - 0x00007ff7050d0000 	C:\Program Files\Java\jdk-21\bin\java.exe
0x00007ffbc9570000 - 0x00007ffbc9768000 	C:\WINDOWS\SYSTEM32\ntdll.dll
0x00007ffbc8c90000 - 0x00007ffbc8d4d000 	C:\WINDOWS\System32\KERNEL32.DLL
0x00007ffbc72d0000 - 0x00007ffbc75c6000 	C:\WINDOWS\System32\KERNELBASE.dll
0x00007ffbc6c50000 - 0x00007ffbc6d50000 	C:\WINDOWS\System32\ucrtbase.dll
0x00007ffbc0bf0000 - 0x00007ffbc0c0b000 	C:\Program Files\Java\jdk-21\bin\VCRUNTIME140.dll
0x00007ffbbb000000 - 0x00007ffbbb019000 	C:\Program Files\Java\jdk-21\bin\jli.dll
0x00007ffbc8690000 - 0x00007ffbc873e000 	C:\WINDOWS\System32\ADVAPI32.dll
0x00007ffbc8bf0000 - 0x00007ffbc8c8e000 	C:\WINDOWS\System32\msvcrt.dll
0x00007ffbc8b50000 - 0x00007ffbc8bec000 	C:\WINDOWS\System32\sechost.dll
0x00007ffbc87a0000 - 0x00007ffbc88c6000 	C:\WINDOWS\System32\RPCRT4.dll
0x00007ffbc7a50000 - 0x00007ffbc7bee000 	C:\WINDOWS\System32\USER32.dll
0x00007ffbbc550000 - 0x00007ffbbc7ea000 	C:\WINDOWS\WinSxS\amd64_microsoft.windows.common-controls_6595b64144ccf1df_6.0.19041.3636_none_60b6a03d71f818d5\COMCTL32.dll
0x00007ffbc6e70000 - 0x00007ffbc6e92000 	C:\WINDOWS\System32\win32u.dll
0x00007ffbc93a0000 - 0x00007ffbc93cc000 	C:\WINDOWS\System32\GDI32.dll
0x00007ffbc6d50000 - 0x00007ffbc6e6a000 	C:\WINDOWS\System32\gdi32full.dll
0x00007ffbc7080000 - 0x00007ffbc711d000 	C:\WINDOWS\System32\msvcp_win.dll
0x00007ffbbd0b0000 - 0x00007ffbbd0ba000 	C:\WINDOWS\SYSTEM32\VERSION.dll
0x00007ffbc89f0000 - 0x00007ffbc8a20000 	C:\WINDOWS\System32\IMM32.DLL
0x00007ffbc0ef0000 - 0x00007ffbc0efc000 	C:\Program Files\Java\jdk-21\bin\vcruntime140_1.dll
0x00007ffb9c780000 - 0x00007ffb9c80e000 	C:\Program Files\Java\jdk-21\bin\msvcp140.dll
0x00007ffb98140000 - 0x00007ffb98e55000 	C:\Program Files\Java\jdk-21\bin\server\jvm.dll
0x00007ffbc8980000 - 0x00007ffbc89eb000 	C:\WINDOWS\System32\WS2_32.dll
0x00007ffbc6200000 - 0x00007ffbc624b000 	C:\WINDOWS\SYSTEM32\POWRPROF.dll
0x00007ffbbca40000 - 0x00007ffbbca67000 	C:\WINDOWS\SYSTEM32\WINMM.dll
0x00007ffbc6070000 - 0x00007ffbc6082000 	C:\WINDOWS\SYSTEM32\UMPDC.dll
0x00007ffbc4af0000 - 0x00007ffbc4b02000 	C:\WINDOWS\SYSTEM32\kernel.appcore.dll
0x00007ffbc0bc0000 - 0x00007ffbc0bca000 	C:\Program Files\Java\jdk-21\bin\jimage.dll
0x00007ffbbf5b0000 - 0x00007ffbbf794000 	C:\WINDOWS\SYSTEM32\DBGHELP.DLL
0x00007ffbbf550000 - 0x00007ffbbf584000 	C:\WINDOWS\SYSTEM32\dbgcore.DLL
0x00007ffbc6f50000 - 0x00007ffbc6fd2000 	C:\WINDOWS\System32\bcryptPrimitives.dll
0x00007ffbc0bd0000 - 0x00007ffbc0bef000 	C:\Program Files\Java\jdk-21\bin\java.dll

dbghelp: loaded successfully - version: 4.0.5 - missing functions: none
symbol engine: initialized successfully - sym options: 0x614 - pdb path: .;C:\Program Files\Java\jdk-21\bin;C:\WINDOWS\SYSTEM32;C:\WINDOWS\WinSxS\amd64_microsoft.windows.common-controls_6595b64144ccf1df_6.0.19041.3636_none_60b6a03d71f818d5;C:\Program Files\Java\jdk-21\bin\server

VM Arguments:
jvm_args: -Dfile.encoding=UTF-8 --module-path=C:\Users\Ravan\Desktop\NetBeansProjects\bank managment system\build\classes 
java_command: bank.managment.system.Login
java_class_path (initial): C:\Users\Ravan\Desktop\NetBeansProjects\jcalendar-tz-1.3.3-4.jar;C:\Users\Ravan\Desktop\NetBeansProjects\mysql-connector-java-8.0.28.jar;C:\Users\Ravan\Desktop\NetBeansProjects\bank managment system\build\classes
Launcher Type: SUN_STANDARD

[Global flags]
     intx CICompilerCount                          = 3                                         {product} {ergonomic}
     uint ConcGCThreads                            = 1                                         {product} {ergonomic}
     uint G1ConcRefinementThreads                  = 4                                         {product} {ergonomic}
   size_t G1HeapRegionSize                         = 1048576                                   {product} {ergonomic}
    uintx GCDrainStackTargetSize                   = 64                                        {product} {ergonomic}
   size_t InitialHeapSize                          = 134217728                                 {product} {ergonomic}
   size_t MarkStackSize                            = 4194304                                   {product} {ergonomic}
   size_t MaxHeapSize                              = 2124414976                                {product} {ergonomic}
   size_t MinHeapDeltaBytes                        = 1048576                                   {product} {ergonomic}
   size_t MinHeapSize                              = 8388608                                   {product} {ergonomic}
    uintx NonNMethodCodeHeapSize                   = 5832780                                {pd product} {ergonomic}
    uintx NonProfiledCodeHeapSize                  = 122912730                              {pd product} {ergonomic}
    uintx ProfiledCodeHeapSize                     = 122912730                              {pd product} {ergonomic}
    uintx ReservedCodeCacheSize                    = 251658240                              {pd product} {ergonomic}
     bool SegmentedCodeCache                       = true                                      {product} {ergonomic}
   size_t SoftMaxHeapSize                          = 2124414976                             {manageable} {ergonomic}
     bool UseCompressedOops                        = true                           {product lp64_product} {ergonomic}
     bool UseG1GC                                  = true                                      {product} {ergonomic}
     bool UseLargePagesIndividualAllocation        = false                                  {pd product} {ergonomic}

Logging:
Log output configuration:
 #0: stdout all=warning uptime,level,tags foldmultilines=false
 #1: stderr all=off uptime,level,tags foldmultilines=false

Environment Variables:
PATH=C:\Program Files\Common Files\Oracle\Java\javapath;C:\WINDOWS\system32;C:\WINDOWS;C:\WINDOWS\System32\Wbem;C:\WINDOWS\System32\WindowsPowerShell\v1.0\;C:\WINDOWS\System32\OpenSSH\;C:\Program Files\Java\jdk-21;C:\Program Files\Java\jdk-21\bin;C:\Program Files\MySQL\MySQL Shell 8.0\bin\;C:\Users\Ravan\AppData\Local\Microsoft\WindowsApps;C:\Users\Ravan\AppData\Local\Programs\Microsoft VS Code\bin;C:\Program Files\Java\jdk-21;;C:\Program Files\JetBrains\IntelliJ IDEA Community Edition 2023.2.4\bin;
USERNAME=Ravan
OS=Windows_NT
PROCESSOR_IDENTIFIER=Intel64 Family 6 Model 69 Stepping 1, GenuineIntel
TMP=C:\Users\Ravan\AppData\Local\Temp
TEMP=C:\Users\Ravan\AppData\Local\Temp




Periodic native trim disabled

---------------  S Y S T E M  ---------------

OS:
 Windows 10 , 64 bit Build 19041 (10.0.19041.3636)
OS uptime: 1 days 8:36 hours

CPU: total 4 (initial active 4) (2 cores per cpu, 2 threads per core) family 6 model 69 stepping 1 microcode 0x25, cx8, cmov, fxsr, ht, mmx, sse, sse2, sse3, ssse3, sse4.1, sse4.2, popcnt, lzcnt, tsc, tscinvbit, avx, avx2, aes, erms, clmul, bmi1, bmi2, fma, vzeroupper, clflush, rdtscp, f16c
Processor Information for all 4 processors :
  Max Mhz: 1700, Current Mhz: 1700, Mhz Limit: 1700

Memory: 4k page, system-wide physical 8096M (1062M free)
TotalPageFile size 32672M (AvailPageFile size 127M)
current process WorkingSet (physical memory assigned to process): 10M, peak: 10M
current process commit charge ("private bytes"): 51M, peak: 179M

vm_info: Java HotSpot(TM) 64-Bit Server VM (21.0.1+12-LTS-29) for windows-amd64 JRE (21.0.1+12-LTS-29), built on 2023-10-05T13:27:09Z by "mach5one" with MS VC++ 17.1 (VS2022)

END.
